[debug] [2021-11-13T18:18:17.672Z] ----------------------------------------------------------------------
[debug] [2021-11-13T18:18:17.674Z] Command:       /usr/local/bin/node /usr/local/bin/firebase functions:shell
[debug] [2021-11-13T18:18:17.674Z] CLI Version:   9.22.0
[debug] [2021-11-13T18:18:17.674Z] Platform:      darwin
[debug] [2021-11-13T18:18:17.675Z] Node Version:  v14.18.1
[debug] [2021-11-13T18:18:17.675Z] Time:          Sat Nov 13 2021 13:18:17 GMT-0500 (Eastern Standard Time)
[debug] [2021-11-13T18:18:17.675Z] ----------------------------------------------------------------------
[debug] 
[debug] [2021-11-13T18:18:17.716Z] > command requires scopes: ["email","openid","https://www.googleapis.com/auth/cloudplatformprojects.readonly","https://www.googleapis.com/auth/firebase","https://www.googleapis.com/auth/cloud-platform"]
[debug] [2021-11-13T18:18:17.716Z] > authorizing via signed-in user (vadimabramovapps@gmail.com)
[debug] [2021-11-13T18:18:17.716Z] [iam] checking project notam-rn for permissions ["firebase.projects.get"]
[debug] [2021-11-13T18:18:17.718Z] > refreshing access token with scopes: ["email","https://www.googleapis.com/auth/cloud-platform","https://www.googleapis.com/auth/cloudplatformprojects.readonly","https://www.googleapis.com/auth/firebase","openid"]
[debug] [2021-11-13T18:18:17.718Z] >>> HTTP REQUEST POST https://www.googleapis.com/oauth2/v3/token  
 <request body omitted>
[debug] [2021-11-13T18:18:17.804Z] <<< HTTP RESPONSE 200 {"cache-control":"no-cache, no-store, max-age=0, must-revalidate","expires":"Mon, 01 Jan 1990 00:00:00 GMT","pragma":"no-cache","date":"Sat, 13 Nov 2021 18:18:17 GMT","content-type":"application/json; charset=utf-8","vary":"X-Origin, Referer, Origin,Accept-Encoding","server":"scaffolding on HTTPServer2","x-xss-protection":"0","x-frame-options":"SAMEORIGIN","x-content-type-options":"nosniff","alt-svc":"clear","accept-ranges":"none","transfer-encoding":"chunked"}
[debug] [2021-11-13T18:18:17.851Z] >>> HTTP REQUEST POST https://cloudresourcemanager.googleapis.com/v1/projects/notam-rn:testIamPermissions  
 {"permissions":["firebase.projects.get"]}
[debug] [2021-11-13T18:18:18.034Z] <<< HTTP RESPONSE 200 {"content-type":"application/json; charset=UTF-8","vary":"X-Origin, Referer, Origin,Accept-Encoding","date":"Sat, 13 Nov 2021 18:18:18 GMT","server":"ESF","cache-control":"private","x-xss-protection":"0","x-frame-options":"SAMEORIGIN","x-content-type-options":"nosniff","server-timing":"gfet4t7; dur=125","alt-svc":"clear","accept-ranges":"none","transfer-encoding":"chunked"}
[debug] [2021-11-13T18:18:18.056Z] [functions] Using node@14 from host.
[debug] [2021-11-13T18:18:18.057Z] defaultcredentials: writing to file /Users/v/.config/firebase/vadimabramovapps_gmail_com_application_default_credentials.json
[debug] [2021-11-13T18:18:18.060Z] DEBUG: Setting GAC to /Users/v/.config/firebase/vadimabramovapps_gmail_com_application_default_credentials.json
[debug] [2021-11-13T18:18:18.061Z] > refreshing access token with scopes: []
[debug] [2021-11-13T18:18:18.061Z] >>> HTTP REQUEST POST https://www.googleapis.com/oauth2/v3/token  
 <request body omitted>
[debug] [2021-11-13T18:18:18.117Z] <<< HTTP RESPONSE 200 {"date":"Sat, 13 Nov 2021 18:18:18 GMT","pragma":"no-cache","cache-control":"no-cache, no-store, max-age=0, must-revalidate","expires":"Mon, 01 Jan 1990 00:00:00 GMT","content-type":"application/json; charset=utf-8","vary":"X-Origin, Referer, Origin,Accept-Encoding","server":"scaffolding on HTTPServer2","x-xss-protection":"0","x-frame-options":"SAMEORIGIN","x-content-type-options":"nosniff","alt-svc":"clear","accept-ranges":"none","transfer-encoding":"chunked"}
[debug] [2021-11-13T18:18:18.161Z] >>> [apiv2][query] GET https://firebase.googleapis.com/v1beta1/projects/notam-rn/adminSdkConfig [none]
[debug] [2021-11-13T18:18:18.474Z] <<< [apiv2][status] GET https://firebase.googleapis.com/v1beta1/projects/notam-rn/adminSdkConfig 200
[debug] [2021-11-13T18:18:18.474Z] <<< [apiv2][body] GET https://firebase.googleapis.com/v1beta1/projects/notam-rn/adminSdkConfig {"projectId":"notam-rn","storageBucket":"notam-rn.appspot.com"}
[debug] [2021-11-13T18:18:18.504Z] [functions] Watching "/Users/v/Desktop/Projects/Notam/functions" for Cloud Functions...
[debug] [2021-11-13T18:18:18.514Z] DEBUG: [worker-pool] addWorker(~diagnostic~)
[debug] [2021-11-13T18:18:18.514Z] DEBUG: [worker-pool] Adding worker with key ~diagnostic~, total=1
[debug] [2021-11-13T18:18:18.514Z] DEBUG: [worker-pool] submitWork(triggerId=)
[debug] [2021-11-13T18:18:18.515Z] DEBUG: [worker-~diagnostic~-3c0a97c7-d812-4bf5-ae52-140b295f1d37]: Assigning socketPath: /var/folders/97/m51_hqld6nl052bbj94wk9_00000gn/T/fire_emu_35676.sock
[debug] [2021-11-13T18:18:18.515Z] DEBUG: [worker-~diagnostic~-3c0a97c7-d812-4bf5-ae52-140b295f1d37]: BUSY
[debug] [2021-11-13T18:18:18.625Z] DEBUG: [runtime-status] [35676] Functions runtime initialized. {"cwd":"/Users/v/Desktop/Projects/Notam/functions","node_version":"14.18.1"}
[debug] [2021-11-13T18:18:18.625Z] DEBUG: [runtime-status] [35676] Disabled runtime features: undefined
[debug] [2021-11-13T18:18:18.627Z] DEBUG: [runtime-status] [35676] Resolved module firebase-admin {"declared":true,"installed":true,"version":"9.12.0","resolution":"/Users/v/Desktop/Projects/Notam/functions/node_modules/firebase-admin/lib/index.js"}
[debug] [2021-11-13T18:18:18.629Z] DEBUG: [runtime-status] [35676] Resolved module firebase-functions {"declared":true,"installed":true,"version":"3.16.0","resolution":"/Users/v/Desktop/Projects/Notam/functions/node_modules/firebase-functions/lib/index.js"}
[debug] [2021-11-13T18:18:18.630Z] DEBUG: [runtime-status] [35676] Outgoing network have been stubbed. [{"name":"http","status":"mocked"},{"name":"http","status":"mocked"},{"name":"https","status":"mocked"},{"name":"https","status":"mocked"},{"name":"net","status":"mocked"}]
[debug] [2021-11-13T18:18:18.631Z] DEBUG: [runtime-status] [35676] Resolved module firebase-functions {"declared":true,"installed":true,"version":"3.16.0","resolution":"/Users/v/Desktop/Projects/Notam/functions/node_modules/firebase-functions/lib/index.js"}
[debug] [2021-11-13T18:18:18.657Z] DEBUG: [runtime-status] [35676] Checked functions.config() {"config":{"google":{"key":"AIzaSyBNXuj4l80ba7gNCHMLWlC9AeFaMltSddU"}}}
[debug] [2021-11-13T18:18:18.657Z] DEBUG: [runtime-status] [35676] firebase-functions has been stubbed. {"functionsResolution":{"declared":true,"installed":true,"version":"3.16.0","resolution":"/Users/v/Desktop/Projects/Notam/functions/node_modules/firebase-functions/lib/index.js"}}
[debug] [2021-11-13T18:18:18.657Z] DEBUG: [runtime-status] [35676] Resolved module firebase-functions {"declared":true,"installed":true,"version":"3.16.0","resolution":"/Users/v/Desktop/Projects/Notam/functions/node_modules/firebase-functions/lib/index.js"}
[debug] [2021-11-13T18:18:18.658Z] DEBUG: [runtime-status] [35676] Resolved module firebase-admin {"declared":true,"installed":true,"version":"9.12.0","resolution":"/Users/v/Desktop/Projects/Notam/functions/node_modules/firebase-admin/lib/index.js"}
[debug] [2021-11-13T18:18:18.658Z] DEBUG: [runtime-status] [35676] Resolved module firebase-functions {"declared":true,"installed":true,"version":"3.16.0","resolution":"/Users/v/Desktop/Projects/Notam/functions/node_modules/firebase-functions/lib/index.js"}
[debug] [2021-11-13T18:18:18.659Z] DEBUG: [runtime-status] [35676] firebase-admin has been stubbed. {"adminResolution":{"declared":true,"installed":true,"version":"9.12.0","resolution":"/Users/v/Desktop/Projects/Notam/functions/node_modules/firebase-admin/lib/index.js"}}
[debug] [2021-11-13T18:18:18.699Z] [functions[us-central1-geocode]] http function initialized (http://localhost:5001/notam-rn/us-central1/geocode).
[debug] [2021-11-13T18:18:18.699Z] [functions[us-central1-placesNearby]] http function initialized (http://localhost:5001/notam-rn/us-central1/placesNearby).
[info] i  functions: Loaded functions: geocode, placesNearby 
[warn] ⚠  functions: The following emulators are not running, calls to these services will affect production: firestore, database, pubsub, storage 
[debug] [2021-11-13T18:18:18.707Z] DEBUG: [worker-~diagnostic~-3c0a97c7-d812-4bf5-ae52-140b295f1d37]: IDLE
[debug] [2021-11-13T18:18:33.213Z] [work-queue] {"queueLength":1,"workRunningCount":0}
[debug] [2021-11-13T18:18:33.214Z] [work-queue] {"queueLength":0,"workRunningCount":1}
[debug] [2021-11-13T18:18:33.214Z] Accepted request GET /notam-rn/us-central1/placesNearby?location=37.7749295,-122.4194155&mock=true --> us-central1-placesNearby
[debug] [2021-11-13T18:18:33.221Z] DEBUG: [worker-pool] addWorker(us-central1-placesNearby)
[debug] [2021-11-13T18:18:33.222Z] DEBUG: [worker-pool] Adding worker with key us-central1-placesNearby, total=1
[debug] [2021-11-13T18:18:33.222Z] DEBUG: [worker-pool] submitWork(triggerId=us-central1-placesNearby)
[debug] [2021-11-13T18:18:33.222Z] DEBUG: [worker-us-central1-placesNearby-1ff6e6d5-bd34-4a19-a13e-63e34588e03c]: Assigning socketPath: /var/folders/97/m51_hqld6nl052bbj94wk9_00000gn/T/fire_emu_35679.sock
[debug] [2021-11-13T18:18:33.222Z] DEBUG: [worker-us-central1-placesNearby-1ff6e6d5-bd34-4a19-a13e-63e34588e03c]: BUSY
[debug] [2021-11-13T18:18:33.351Z] DEBUG: [runtime-status] [35679] Functions runtime initialized. {"cwd":"/Users/v/Desktop/Projects/Notam/functions","node_version":"14.18.1"}
[debug] [2021-11-13T18:18:33.352Z] DEBUG: [runtime-status] [35679] Disabled runtime features: undefined
[debug] [2021-11-13T18:18:33.354Z] DEBUG: [runtime-status] [35679] Resolved module firebase-admin {"declared":true,"installed":true,"version":"9.12.0","resolution":"/Users/v/Desktop/Projects/Notam/functions/node_modules/firebase-admin/lib/index.js"}
[debug] [2021-11-13T18:18:33.357Z] DEBUG: [runtime-status] [35679] Resolved module firebase-functions {"declared":true,"installed":true,"version":"3.16.0","resolution":"/Users/v/Desktop/Projects/Notam/functions/node_modules/firebase-functions/lib/index.js"}
[debug] [2021-11-13T18:18:33.358Z] DEBUG: [runtime-status] [35679] Outgoing network have been stubbed. [{"name":"http","status":"mocked"},{"name":"http","status":"mocked"},{"name":"https","status":"mocked"},{"name":"https","status":"mocked"},{"name":"net","status":"mocked"}]
[debug] [2021-11-13T18:18:33.359Z] DEBUG: [runtime-status] [35679] Resolved module firebase-functions {"declared":true,"installed":true,"version":"3.16.0","resolution":"/Users/v/Desktop/Projects/Notam/functions/node_modules/firebase-functions/lib/index.js"}
[debug] [2021-11-13T18:18:33.389Z] DEBUG: [runtime-status] [35679] Checked functions.config() {"config":{"google":{"key":"AIzaSyBNXuj4l80ba7gNCHMLWlC9AeFaMltSddU"}}}
[debug] [2021-11-13T18:18:33.390Z] DEBUG: [runtime-status] [35679] firebase-functions has been stubbed. {"functionsResolution":{"declared":true,"installed":true,"version":"3.16.0","resolution":"/Users/v/Desktop/Projects/Notam/functions/node_modules/firebase-functions/lib/index.js"}}
[debug] [2021-11-13T18:18:33.390Z] DEBUG: [runtime-status] [35679] Resolved module firebase-functions {"declared":true,"installed":true,"version":"3.16.0","resolution":"/Users/v/Desktop/Projects/Notam/functions/node_modules/firebase-functions/lib/index.js"}
[debug] [2021-11-13T18:18:33.391Z] DEBUG: [runtime-status] [35679] Resolved module firebase-admin {"declared":true,"installed":true,"version":"9.12.0","resolution":"/Users/v/Desktop/Projects/Notam/functions/node_modules/firebase-admin/lib/index.js"}
[debug] [2021-11-13T18:18:33.391Z] DEBUG: [runtime-status] [35679] Resolved module firebase-functions {"declared":true,"installed":true,"version":"3.16.0","resolution":"/Users/v/Desktop/Projects/Notam/functions/node_modules/firebase-functions/lib/index.js"}
[debug] [2021-11-13T18:18:33.391Z] DEBUG: [runtime-status] [35679] firebase-admin has been stubbed. {"adminResolution":{"declared":true,"installed":true,"version":"9.12.0","resolution":"/Users/v/Desktop/Projects/Notam/functions/node_modules/firebase-admin/lib/index.js"}}
[debug] [2021-11-13T18:18:33.437Z] DEBUG: [runtime-status] [35679] Trigger "us-central1-placesNearby" has been found, beginning invocation!
[debug] [2021-11-13T18:18:33.437Z] [functions] Beginning execution of "us-central1-placesNearby"
[debug] [2021-11-13T18:18:33.437Z] DEBUG: [runtime-status] [35679] triggerDefinition {"httpsTrigger":{},"name":"placesNearby","entryPoint":"placesNearby","regions":["us-central1"],"region":"us-central1","id":"us-central1-placesNearby"}
[debug] [2021-11-13T18:18:33.437Z] DEBUG: [runtime-status] [35679] Running us-central1-placesNearby in signature http
[debug] [2021-11-13T18:18:33.440Z] DEBUG: [runtime-status] [35679] Attempting to listen to socketPath: /var/folders/97/m51_hqld6nl052bbj94wk9_00000gn/T/fire_emu_35679.sock
[debug] [2021-11-13T18:18:33.442Z] DEBUG: [functions] Runtime ready! Sending request!
[debug] [2021-11-13T18:18:33.443Z] DEBUG: [functions] Got req.url=/notam-rn/us-central1/placesNearby?location=37.7749295,-122.4194155&mock=true, mapping to path=/?location=37.7749295,-122.4194155&mock=true
[debug] [2021-11-13T18:18:33.449Z] DEBUG: [runtime-status] [35679] Ephemeral server handling GET request
[debug] [2021-11-13T18:18:33.464Z] DEBUG: [runtime-status] [35679] Ephemeral server survived.
[debug] [2021-11-13T18:18:33.473Z] [functions] Finished "us-central1-placesNearby" in ~1s
[debug] [2021-11-13T18:18:33.473Z] DEBUG: [worker-us-central1-placesNearby-1ff6e6d5-bd34-4a19-a13e-63e34588e03c]: IDLE
[debug] [2021-11-13T18:18:33.473Z] [work-queue] {"queueLength":0,"workRunningCount":0}
[debug] [2021-11-13T18:18:53.872Z] [work-queue] {"queueLength":1,"workRunningCount":0}
[debug] [2021-11-13T18:18:53.873Z] [work-queue] {"queueLength":0,"workRunningCount":1}
[debug] [2021-11-13T18:18:53.873Z] Accepted request GET /notam-rn/us-central1/placesNearby?location=37.7749295,-122.4194155&mock=true --> us-central1-placesNearby
[debug] [2021-11-13T18:18:53.873Z] DEBUG: [worker-pool] submitWork(triggerId=us-central1-placesNearby)
[debug] [2021-11-13T18:18:53.873Z] DEBUG: [worker-us-central1-placesNearby-1ff6e6d5-bd34-4a19-a13e-63e34588e03c]: Assigning socketPath: /var/folders/97/m51_hqld6nl052bbj94wk9_00000gn/T/fire_emu_35679.sock
[debug] [2021-11-13T18:18:53.873Z] DEBUG: [worker-us-central1-placesNearby-1ff6e6d5-bd34-4a19-a13e-63e34588e03c]: BUSY
[debug] [2021-11-13T18:18:53.874Z] DEBUG: [runtime-status] [35679] Trigger "us-central1-placesNearby" has been found, beginning invocation!
[debug] [2021-11-13T18:18:53.874Z] [functions] Beginning execution of "us-central1-placesNearby"
[debug] [2021-11-13T18:18:53.874Z] DEBUG: [runtime-status] [35679] triggerDefinition {"httpsTrigger":{},"name":"placesNearby","entryPoint":"placesNearby","regions":["us-central1"],"region":"us-central1","id":"us-central1-placesNearby"}
[debug] [2021-11-13T18:18:53.874Z] DEBUG: [runtime-status] [35679] Running us-central1-placesNearby in signature http
[debug] [2021-11-13T18:18:53.875Z] DEBUG: [runtime-status] [35679] Attempting to listen to socketPath: /var/folders/97/m51_hqld6nl052bbj94wk9_00000gn/T/fire_emu_35679.sock
[debug] [2021-11-13T18:18:53.875Z] DEBUG: [functions] Runtime ready! Sending request!
[debug] [2021-11-13T18:18:53.875Z] DEBUG: [functions] Got req.url=/notam-rn/us-central1/placesNearby?location=37.7749295,-122.4194155&mock=true, mapping to path=/?location=37.7749295,-122.4194155&mock=true
[debug] [2021-11-13T18:18:53.877Z] DEBUG: [runtime-status] [35679] Ephemeral server handling GET request
[debug] [2021-11-13T18:18:53.878Z] DEBUG: [runtime-status] [35679] Ephemeral server survived.
[debug] [2021-11-13T18:18:53.878Z] [functions] Finished "us-central1-placesNearby" in ~1s
[debug] [2021-11-13T18:18:53.878Z] DEBUG: [worker-us-central1-placesNearby-1ff6e6d5-bd34-4a19-a13e-63e34588e03c]: IDLE
[debug] [2021-11-13T18:18:53.879Z] [work-queue] {"queueLength":0,"workRunningCount":0}
[debug] [2021-11-13T18:19:15.351Z] [work-queue] {"queueLength":1,"workRunningCount":0}
[debug] [2021-11-13T18:19:15.351Z] [work-queue] {"queueLength":0,"workRunningCount":1}
[debug] [2021-11-13T18:19:15.352Z] Accepted request GET /notam-rn/us-central1/placesNearby?location=37.7749295,-122.4194155&mock=true --> us-central1-placesNearby
[debug] [2021-11-13T18:19:15.352Z] DEBUG: [worker-pool] submitWork(triggerId=us-central1-placesNearby)
[debug] [2021-11-13T18:19:15.352Z] DEBUG: [worker-us-central1-placesNearby-1ff6e6d5-bd34-4a19-a13e-63e34588e03c]: Assigning socketPath: /var/folders/97/m51_hqld6nl052bbj94wk9_00000gn/T/fire_emu_35679.sock
[debug] [2021-11-13T18:19:15.352Z] DEBUG: [worker-us-central1-placesNearby-1ff6e6d5-bd34-4a19-a13e-63e34588e03c]: BUSY
[debug] [2021-11-13T18:19:15.353Z] [work-queue] {"queueLength":1,"workRunningCount":1}
[debug] [2021-11-13T18:19:15.353Z] [work-queue] {"queueLength":0,"workRunningCount":2}
[debug] [2021-11-13T18:19:15.353Z] Accepted request GET /notam-rn/us-central1/geocode?city=san%20francisco&mock=true --> us-central1-geocode
[debug] [2021-11-13T18:19:15.359Z] DEBUG: [worker-pool] addWorker(us-central1-geocode)
[debug] [2021-11-13T18:19:15.359Z] DEBUG: [worker-pool] Adding worker with key us-central1-geocode, total=1
[debug] [2021-11-13T18:19:15.359Z] DEBUG: [worker-pool] submitWork(triggerId=us-central1-geocode)
[debug] [2021-11-13T18:19:15.360Z] DEBUG: [worker-us-central1-geocode-0e8fe7f2-9244-4a94-b1e3-84c83a4c7fea]: Assigning socketPath: /var/folders/97/m51_hqld6nl052bbj94wk9_00000gn/T/fire_emu_35711.sock
[debug] [2021-11-13T18:19:15.360Z] DEBUG: [worker-us-central1-geocode-0e8fe7f2-9244-4a94-b1e3-84c83a4c7fea]: BUSY
[debug] [2021-11-13T18:19:15.360Z] DEBUG: [runtime-status] [35679] Trigger "us-central1-placesNearby" has been found, beginning invocation!
[debug] [2021-11-13T18:19:15.360Z] [functions] Beginning execution of "us-central1-placesNearby"
[debug] [2021-11-13T18:19:15.361Z] DEBUG: [runtime-status] [35679] triggerDefinition {"httpsTrigger":{},"name":"placesNearby","entryPoint":"placesNearby","regions":["us-central1"],"region":"us-central1","id":"us-central1-placesNearby"}
[debug] [2021-11-13T18:19:15.361Z] DEBUG: [runtime-status] [35679] Running us-central1-placesNearby in signature http
[debug] [2021-11-13T18:19:15.361Z] DEBUG: [runtime-status] [35679] Attempting to listen to socketPath: /var/folders/97/m51_hqld6nl052bbj94wk9_00000gn/T/fire_emu_35679.sock
[debug] [2021-11-13T18:19:15.361Z] DEBUG: [functions] Runtime ready! Sending request!
[debug] [2021-11-13T18:19:15.361Z] DEBUG: [functions] Got req.url=/notam-rn/us-central1/placesNearby?location=37.7749295,-122.4194155&mock=true, mapping to path=/?location=37.7749295,-122.4194155&mock=true
[debug] [2021-11-13T18:19:15.363Z] DEBUG: [runtime-status] [35679] Ephemeral server handling GET request
[debug] [2021-11-13T18:19:15.364Z] DEBUG: [runtime-status] [35679] Ephemeral server survived.
[debug] [2021-11-13T18:19:15.365Z] [functions] Finished "us-central1-placesNearby" in ~1s
[debug] [2021-11-13T18:19:15.365Z] DEBUG: [worker-us-central1-placesNearby-1ff6e6d5-bd34-4a19-a13e-63e34588e03c]: IDLE
[debug] [2021-11-13T18:19:15.365Z] [work-queue] {"queueLength":0,"workRunningCount":1}
[debug] [2021-11-13T18:19:15.496Z] DEBUG: [runtime-status] [35711] Functions runtime initialized. {"cwd":"/Users/v/Desktop/Projects/Notam/functions","node_version":"14.18.1"}
[debug] [2021-11-13T18:19:15.497Z] DEBUG: [runtime-status] [35711] Disabled runtime features: undefined
[debug] [2021-11-13T18:19:15.499Z] DEBUG: [runtime-status] [35711] Resolved module firebase-admin {"declared":true,"installed":true,"version":"9.12.0","resolution":"/Users/v/Desktop/Projects/Notam/functions/node_modules/firebase-admin/lib/index.js"}
[debug] [2021-11-13T18:19:15.502Z] DEBUG: [runtime-status] [35711] Resolved module firebase-functions {"declared":true,"installed":true,"version":"3.16.0","resolution":"/Users/v/Desktop/Projects/Notam/functions/node_modules/firebase-functions/lib/index.js"}
[debug] [2021-11-13T18:19:15.504Z] DEBUG: [runtime-status] [35711] Outgoing network have been stubbed. [{"name":"http","status":"mocked"},{"name":"http","status":"mocked"},{"name":"https","status":"mocked"},{"name":"https","status":"mocked"},{"name":"net","status":"mocked"}]
[debug] [2021-11-13T18:19:15.505Z] DEBUG: [runtime-status] [35711] Resolved module firebase-functions {"declared":true,"installed":true,"version":"3.16.0","resolution":"/Users/v/Desktop/Projects/Notam/functions/node_modules/firebase-functions/lib/index.js"}
[debug] [2021-11-13T18:19:15.539Z] DEBUG: [runtime-status] [35711] Checked functions.config() {"config":{"google":{"key":"AIzaSyBNXuj4l80ba7gNCHMLWlC9AeFaMltSddU"}}}
[debug] [2021-11-13T18:19:15.539Z] DEBUG: [runtime-status] [35711] firebase-functions has been stubbed. {"functionsResolution":{"declared":true,"installed":true,"version":"3.16.0","resolution":"/Users/v/Desktop/Projects/Notam/functions/node_modules/firebase-functions/lib/index.js"}}
[debug] [2021-11-13T18:19:15.540Z] DEBUG: [runtime-status] [35711] Resolved module firebase-functions {"declared":true,"installed":true,"version":"3.16.0","resolution":"/Users/v/Desktop/Projects/Notam/functions/node_modules/firebase-functions/lib/index.js"}
[debug] [2021-11-13T18:19:15.540Z] DEBUG: [runtime-status] [35711] Resolved module firebase-admin {"declared":true,"installed":true,"version":"9.12.0","resolution":"/Users/v/Desktop/Projects/Notam/functions/node_modules/firebase-admin/lib/index.js"}
[debug] [2021-11-13T18:19:15.541Z] DEBUG: [runtime-status] [35711] Resolved module firebase-functions {"declared":true,"installed":true,"version":"3.16.0","resolution":"/Users/v/Desktop/Projects/Notam/functions/node_modules/firebase-functions/lib/index.js"}
[debug] [2021-11-13T18:19:15.541Z] DEBUG: [runtime-status] [35711] firebase-admin has been stubbed. {"adminResolution":{"declared":true,"installed":true,"version":"9.12.0","resolution":"/Users/v/Desktop/Projects/Notam/functions/node_modules/firebase-admin/lib/index.js"}}
[debug] [2021-11-13T18:19:15.587Z] DEBUG: [runtime-status] [35711] Trigger "us-central1-geocode" has been found, beginning invocation!
[debug] [2021-11-13T18:19:15.587Z] [functions] Beginning execution of "us-central1-geocode"
[debug] [2021-11-13T18:19:15.588Z] DEBUG: [runtime-status] [35711] triggerDefinition {"httpsTrigger":{},"name":"geocode","entryPoint":"geocode","regions":["us-central1"],"region":"us-central1","id":"us-central1-geocode"}
[debug] [2021-11-13T18:19:15.588Z] DEBUG: [runtime-status] [35711] Running us-central1-geocode in signature http
[debug] [2021-11-13T18:19:15.591Z] DEBUG: [runtime-status] [35711] Attempting to listen to socketPath: /var/folders/97/m51_hqld6nl052bbj94wk9_00000gn/T/fire_emu_35711.sock
[debug] [2021-11-13T18:19:15.592Z] DEBUG: [functions] Runtime ready! Sending request!
[debug] [2021-11-13T18:19:15.593Z] DEBUG: [functions] Got req.url=/notam-rn/us-central1/geocode?city=san%20francisco&mock=true, mapping to path=/?city=san%20francisco&mock=true
[debug] [2021-11-13T18:19:15.598Z] DEBUG: [runtime-status] [35711] Ephemeral server handling GET request
[debug] [2021-11-13T18:19:15.603Z] DEBUG: [runtime-status] [35711] Ephemeral server survived.
[debug] [2021-11-13T18:19:15.606Z] [functions] Finished "us-central1-geocode" in ~1s
[debug] [2021-11-13T18:19:15.606Z] DEBUG: [worker-us-central1-geocode-0e8fe7f2-9244-4a94-b1e3-84c83a4c7fea]: IDLE
[debug] [2021-11-13T18:19:15.606Z] [work-queue] {"queueLength":0,"workRunningCount":0}
[debug] [2021-11-13T18:19:15.665Z] [work-queue] {"queueLength":1,"workRunningCount":0}
[debug] [2021-11-13T18:19:15.665Z] [work-queue] {"queueLength":0,"workRunningCount":1}
[debug] [2021-11-13T18:19:15.665Z] Accepted request GET /notam-rn/us-central1/placesNearby?location=37.7749295,-122.4194155&mock=true --> us-central1-placesNearby
[debug] [2021-11-13T18:19:15.665Z] DEBUG: [worker-pool] submitWork(triggerId=us-central1-placesNearby)
[debug] [2021-11-13T18:19:15.666Z] DEBUG: [worker-us-central1-placesNearby-1ff6e6d5-bd34-4a19-a13e-63e34588e03c]: Assigning socketPath: /var/folders/97/m51_hqld6nl052bbj94wk9_00000gn/T/fire_emu_35679.sock
[debug] [2021-11-13T18:19:15.666Z] DEBUG: [worker-us-central1-placesNearby-1ff6e6d5-bd34-4a19-a13e-63e34588e03c]: BUSY
[debug] [2021-11-13T18:19:15.666Z] DEBUG: [runtime-status] [35679] Trigger "us-central1-placesNearby" has been found, beginning invocation!
[debug] [2021-11-13T18:19:15.666Z] [functions] Beginning execution of "us-central1-placesNearby"
[debug] [2021-11-13T18:19:15.666Z] DEBUG: [runtime-status] [35679] triggerDefinition {"httpsTrigger":{},"name":"placesNearby","entryPoint":"placesNearby","regions":["us-central1"],"region":"us-central1","id":"us-central1-placesNearby"}
[debug] [2021-11-13T18:19:15.666Z] DEBUG: [runtime-status] [35679] Running us-central1-placesNearby in signature http
[debug] [2021-11-13T18:19:15.667Z] DEBUG: [runtime-status] [35679] Attempting to listen to socketPath: /var/folders/97/m51_hqld6nl052bbj94wk9_00000gn/T/fire_emu_35679.sock
[debug] [2021-11-13T18:19:15.667Z] DEBUG: [functions] Runtime ready! Sending request!
[debug] [2021-11-13T18:19:15.667Z] DEBUG: [functions] Got req.url=/notam-rn/us-central1/placesNearby?location=37.7749295,-122.4194155&mock=true, mapping to path=/?location=37.7749295,-122.4194155&mock=true
[debug] [2021-11-13T18:19:15.670Z] DEBUG: [runtime-status] [35679] Ephemeral server handling GET request
[debug] [2021-11-13T18:19:15.670Z] DEBUG: [runtime-status] [35679] Ephemeral server survived.
[debug] [2021-11-13T18:19:15.671Z] [functions] Finished "us-central1-placesNearby" in ~1s
[debug] [2021-11-13T18:19:15.672Z] DEBUG: [worker-us-central1-placesNearby-1ff6e6d5-bd34-4a19-a13e-63e34588e03c]: IDLE
[debug] [2021-11-13T18:19:15.672Z] [work-queue] {"queueLength":0,"workRunningCount":0}
[debug] [2021-11-13T18:19:38.229Z] [work-queue] {"queueLength":1,"workRunningCount":0}
[debug] [2021-11-13T18:19:38.229Z] [work-queue] {"queueLength":0,"workRunningCount":1}
[debug] [2021-11-13T18:19:38.230Z] Accepted request GET /notam-rn/us-central1/placesNearby?location=37.7749295,-122.4194155&mock=true --> us-central1-placesNearby
[debug] [2021-11-13T18:19:38.230Z] DEBUG: [worker-pool] submitWork(triggerId=us-central1-placesNearby)
[debug] [2021-11-13T18:19:38.230Z] DEBUG: [worker-us-central1-placesNearby-1ff6e6d5-bd34-4a19-a13e-63e34588e03c]: Assigning socketPath: /var/folders/97/m51_hqld6nl052bbj94wk9_00000gn/T/fire_emu_35679.sock
[debug] [2021-11-13T18:19:38.230Z] DEBUG: [worker-us-central1-placesNearby-1ff6e6d5-bd34-4a19-a13e-63e34588e03c]: BUSY
[debug] [2021-11-13T18:19:38.230Z] DEBUG: [runtime-status] [35679] Trigger "us-central1-placesNearby" has been found, beginning invocation!
[debug] [2021-11-13T18:19:38.231Z] [functions] Beginning execution of "us-central1-placesNearby"
[debug] [2021-11-13T18:19:38.231Z] DEBUG: [runtime-status] [35679] triggerDefinition {"httpsTrigger":{},"name":"placesNearby","entryPoint":"placesNearby","regions":["us-central1"],"region":"us-central1","id":"us-central1-placesNearby"}
[debug] [2021-11-13T18:19:38.231Z] DEBUG: [runtime-status] [35679] Running us-central1-placesNearby in signature http
[debug] [2021-11-13T18:19:38.232Z] DEBUG: [runtime-status] [35679] Attempting to listen to socketPath: /var/folders/97/m51_hqld6nl052bbj94wk9_00000gn/T/fire_emu_35679.sock
[debug] [2021-11-13T18:19:38.232Z] DEBUG: [functions] Runtime ready! Sending request!
[debug] [2021-11-13T18:19:38.232Z] DEBUG: [functions] Got req.url=/notam-rn/us-central1/placesNearby?location=37.7749295,-122.4194155&mock=true, mapping to path=/?location=37.7749295,-122.4194155&mock=true
[debug] [2021-11-13T18:19:38.233Z] [work-queue] {"queueLength":1,"workRunningCount":1}
[debug] [2021-11-13T18:19:38.233Z] [work-queue] {"queueLength":0,"workRunningCount":2}
[debug] [2021-11-13T18:19:38.233Z] Accepted request GET /notam-rn/us-central1/geocode?city=san%20francisco&mock=true --> us-central1-geocode
[debug] [2021-11-13T18:19:38.233Z] DEBUG: [worker-pool] submitWork(triggerId=us-central1-geocode)
[debug] [2021-11-13T18:19:38.233Z] DEBUG: [worker-us-central1-geocode-0e8fe7f2-9244-4a94-b1e3-84c83a4c7fea]: Assigning socketPath: /var/folders/97/m51_hqld6nl052bbj94wk9_00000gn/T/fire_emu_35711.sock
[debug] [2021-11-13T18:19:38.233Z] DEBUG: [worker-us-central1-geocode-0e8fe7f2-9244-4a94-b1e3-84c83a4c7fea]: BUSY
[debug] [2021-11-13T18:19:38.234Z] DEBUG: [runtime-status] [35711] Trigger "us-central1-geocode" has been found, beginning invocation!
[debug] [2021-11-13T18:19:38.234Z] [functions] Beginning execution of "us-central1-geocode"
[debug] [2021-11-13T18:19:38.234Z] DEBUG: [runtime-status] [35711] triggerDefinition {"httpsTrigger":{},"name":"geocode","entryPoint":"geocode","regions":["us-central1"],"region":"us-central1","id":"us-central1-geocode"}
[debug] [2021-11-13T18:19:38.234Z] DEBUG: [runtime-status] [35711] Running us-central1-geocode in signature http
[debug] [2021-11-13T18:19:38.234Z] DEBUG: [runtime-status] [35679] Ephemeral server handling GET request
[debug] [2021-11-13T18:19:38.235Z] DEBUG: [runtime-status] [35711] Attempting to listen to socketPath: /var/folders/97/m51_hqld6nl052bbj94wk9_00000gn/T/fire_emu_35711.sock
[debug] [2021-11-13T18:19:38.235Z] DEBUG: [functions] Runtime ready! Sending request!
[debug] [2021-11-13T18:19:38.235Z] DEBUG: [functions] Got req.url=/notam-rn/us-central1/geocode?city=san%20francisco&mock=true, mapping to path=/?city=san%20francisco&mock=true
[debug] [2021-11-13T18:19:38.236Z] DEBUG: [runtime-status] [35679] Ephemeral server survived.
[debug] [2021-11-13T18:19:38.237Z] [functions] Finished "us-central1-placesNearby" in ~1s
[debug] [2021-11-13T18:19:38.237Z] DEBUG: [worker-us-central1-placesNearby-1ff6e6d5-bd34-4a19-a13e-63e34588e03c]: IDLE
[debug] [2021-11-13T18:19:38.237Z] [work-queue] {"queueLength":0,"workRunningCount":1}
[debug] [2021-11-13T18:19:38.238Z] DEBUG: [runtime-status] [35711] Ephemeral server handling GET request
[debug] [2021-11-13T18:19:38.239Z] DEBUG: [runtime-status] [35711] Ephemeral server survived.
[debug] [2021-11-13T18:19:38.239Z] [functions] Finished "us-central1-geocode" in ~1s
[debug] [2021-11-13T18:19:38.239Z] DEBUG: [worker-us-central1-geocode-0e8fe7f2-9244-4a94-b1e3-84c83a4c7fea]: IDLE
[debug] [2021-11-13T18:19:38.240Z] [work-queue] {"queueLength":0,"workRunningCount":0}
[debug] [2021-11-13T18:19:38.522Z] [work-queue] {"queueLength":1,"workRunningCount":0}
[debug] [2021-11-13T18:19:38.523Z] [work-queue] {"queueLength":0,"workRunningCount":1}
[debug] [2021-11-13T18:19:38.523Z] Accepted request GET /notam-rn/us-central1/placesNearby?location=37.7749295,-122.4194155&mock=true --> us-central1-placesNearby
[debug] [2021-11-13T18:19:38.523Z] DEBUG: [worker-pool] submitWork(triggerId=us-central1-placesNearby)
[debug] [2021-11-13T18:19:38.523Z] DEBUG: [worker-us-central1-placesNearby-1ff6e6d5-bd34-4a19-a13e-63e34588e03c]: Assigning socketPath: /var/folders/97/m51_hqld6nl052bbj94wk9_00000gn/T/fire_emu_35679.sock
[debug] [2021-11-13T18:19:38.523Z] DEBUG: [worker-us-central1-placesNearby-1ff6e6d5-bd34-4a19-a13e-63e34588e03c]: BUSY
[debug] [2021-11-13T18:19:38.523Z] DEBUG: [runtime-status] [35679] Trigger "us-central1-placesNearby" has been found, beginning invocation!
[debug] [2021-11-13T18:19:38.523Z] [functions] Beginning execution of "us-central1-placesNearby"
[debug] [2021-11-13T18:19:38.524Z] DEBUG: [runtime-status] [35679] triggerDefinition {"httpsTrigger":{},"name":"placesNearby","entryPoint":"placesNearby","regions":["us-central1"],"region":"us-central1","id":"us-central1-placesNearby"}
[debug] [2021-11-13T18:19:38.524Z] DEBUG: [runtime-status] [35679] Running us-central1-placesNearby in signature http
[debug] [2021-11-13T18:19:38.524Z] DEBUG: [runtime-status] [35679] Attempting to listen to socketPath: /var/folders/97/m51_hqld6nl052bbj94wk9_00000gn/T/fire_emu_35679.sock
[debug] [2021-11-13T18:19:38.524Z] DEBUG: [functions] Runtime ready! Sending request!
[debug] [2021-11-13T18:19:38.524Z] DEBUG: [functions] Got req.url=/notam-rn/us-central1/placesNearby?location=37.7749295,-122.4194155&mock=true, mapping to path=/?location=37.7749295,-122.4194155&mock=true
[debug] [2021-11-13T18:19:38.525Z] DEBUG: [runtime-status] [35679] Ephemeral server handling GET request
[debug] [2021-11-13T18:19:38.526Z] DEBUG: [runtime-status] [35679] Ephemeral server survived.
[debug] [2021-11-13T18:19:38.526Z] [functions] Finished "us-central1-placesNearby" in ~1s
[debug] [2021-11-13T18:19:38.527Z] DEBUG: [worker-us-central1-placesNearby-1ff6e6d5-bd34-4a19-a13e-63e34588e03c]: IDLE
[debug] [2021-11-13T18:19:38.527Z] [work-queue] {"queueLength":0,"workRunningCount":0}
[debug] [2021-11-13T18:23:47.466Z] [work-queue] {"queueLength":1,"workRunningCount":0}
[debug] [2021-11-13T18:23:47.466Z] [work-queue] {"queueLength":0,"workRunningCount":1}
[debug] [2021-11-13T18:23:47.466Z] Accepted request GET /notam-rn/us-central1/geocode?city=san%20francisco&mock=true --> us-central1-geocode
[debug] [2021-11-13T18:23:47.467Z] DEBUG: [worker-pool] submitWork(triggerId=us-central1-geocode)
[debug] [2021-11-13T18:23:47.467Z] DEBUG: [worker-us-central1-geocode-0e8fe7f2-9244-4a94-b1e3-84c83a4c7fea]: Assigning socketPath: /var/folders/97/m51_hqld6nl052bbj94wk9_00000gn/T/fire_emu_35711.sock
[debug] [2021-11-13T18:23:47.467Z] DEBUG: [worker-us-central1-geocode-0e8fe7f2-9244-4a94-b1e3-84c83a4c7fea]: BUSY
[debug] [2021-11-13T18:23:47.467Z] DEBUG: [runtime-status] [35711] Trigger "us-central1-geocode" has been found, beginning invocation!
[debug] [2021-11-13T18:23:47.467Z] [functions] Beginning execution of "us-central1-geocode"
[debug] [2021-11-13T18:23:47.467Z] DEBUG: [runtime-status] [35711] triggerDefinition {"httpsTrigger":{},"name":"geocode","entryPoint":"geocode","regions":["us-central1"],"region":"us-central1","id":"us-central1-geocode"}
[debug] [2021-11-13T18:23:47.467Z] DEBUG: [runtime-status] [35711] Running us-central1-geocode in signature http
[debug] [2021-11-13T18:23:47.468Z] DEBUG: [runtime-status] [35711] Attempting to listen to socketPath: /var/folders/97/m51_hqld6nl052bbj94wk9_00000gn/T/fire_emu_35711.sock
[debug] [2021-11-13T18:23:47.468Z] DEBUG: [functions] Runtime ready! Sending request!
[debug] [2021-11-13T18:23:47.468Z] DEBUG: [functions] Got req.url=/notam-rn/us-central1/geocode?city=san%20francisco&mock=true, mapping to path=/?city=san%20francisco&mock=true
[debug] [2021-11-13T18:23:47.469Z] DEBUG: [runtime-status] [35711] Ephemeral server handling GET request
[debug] [2021-11-13T18:23:47.470Z] DEBUG: [runtime-status] [35711] Ephemeral server survived.
[debug] [2021-11-13T18:23:47.470Z] [functions] Finished "us-central1-geocode" in ~1s
[debug] [2021-11-13T18:23:47.470Z] DEBUG: [worker-us-central1-geocode-0e8fe7f2-9244-4a94-b1e3-84c83a4c7fea]: IDLE
[debug] [2021-11-13T18:23:47.470Z] [work-queue] {"queueLength":0,"workRunningCount":0}
[debug] [2021-11-13T18:23:47.490Z] [work-queue] {"queueLength":1,"workRunningCount":0}
[debug] [2021-11-13T18:23:47.490Z] [work-queue] {"queueLength":0,"workRunningCount":1}
[debug] [2021-11-13T18:23:47.490Z] Accepted request GET /notam-rn/us-central1/placesNearby?location=37.7749295,-122.4194155&mock=true --> us-central1-placesNearby
[debug] [2021-11-13T18:23:47.490Z] DEBUG: [worker-pool] submitWork(triggerId=us-central1-placesNearby)
[debug] [2021-11-13T18:23:47.490Z] DEBUG: [worker-us-central1-placesNearby-1ff6e6d5-bd34-4a19-a13e-63e34588e03c]: Assigning socketPath: /var/folders/97/m51_hqld6nl052bbj94wk9_00000gn/T/fire_emu_35679.sock
[debug] [2021-11-13T18:23:47.490Z] DEBUG: [worker-us-central1-placesNearby-1ff6e6d5-bd34-4a19-a13e-63e34588e03c]: BUSY
[debug] [2021-11-13T18:23:47.491Z] DEBUG: [runtime-status] [35679] Trigger "us-central1-placesNearby" has been found, beginning invocation!
[debug] [2021-11-13T18:23:47.491Z] [functions] Beginning execution of "us-central1-placesNearby"
[debug] [2021-11-13T18:23:47.491Z] DEBUG: [runtime-status] [35679] triggerDefinition {"httpsTrigger":{},"name":"placesNearby","entryPoint":"placesNearby","regions":["us-central1"],"region":"us-central1","id":"us-central1-placesNearby"}
[debug] [2021-11-13T18:23:47.491Z] DEBUG: [runtime-status] [35679] Running us-central1-placesNearby in signature http
[debug] [2021-11-13T18:23:47.491Z] DEBUG: [runtime-status] [35679] Attempting to listen to socketPath: /var/folders/97/m51_hqld6nl052bbj94wk9_00000gn/T/fire_emu_35679.sock
[debug] [2021-11-13T18:23:47.492Z] DEBUG: [functions] Runtime ready! Sending request!
[debug] [2021-11-13T18:23:47.492Z] DEBUG: [functions] Got req.url=/notam-rn/us-central1/placesNearby?location=37.7749295,-122.4194155&mock=true, mapping to path=/?location=37.7749295,-122.4194155&mock=true
[debug] [2021-11-13T18:23:47.493Z] DEBUG: [runtime-status] [35679] Ephemeral server handling GET request
[debug] [2021-11-13T18:23:47.494Z] DEBUG: [runtime-status] [35679] Ephemeral server survived.
[debug] [2021-11-13T18:23:47.494Z] [functions] Finished "us-central1-placesNearby" in ~1s
[debug] [2021-11-13T18:23:47.494Z] DEBUG: [worker-us-central1-placesNearby-1ff6e6d5-bd34-4a19-a13e-63e34588e03c]: IDLE
[debug] [2021-11-13T18:23:47.494Z] [work-queue] {"queueLength":0,"workRunningCount":0}
[debug] [2021-11-13T18:24:43.632Z] [work-queue] {"queueLength":1,"workRunningCount":0}
[debug] [2021-11-13T18:24:43.632Z] [work-queue] {"queueLength":0,"workRunningCount":1}
[debug] [2021-11-13T18:24:43.632Z] Accepted request GET /notam-rn/us-central1/geocode?city=san%20francisco&mock=true --> us-central1-geocode
[debug] [2021-11-13T18:24:43.632Z] DEBUG: [worker-pool] submitWork(triggerId=us-central1-geocode)
[debug] [2021-11-13T18:24:43.632Z] DEBUG: [worker-us-central1-geocode-0e8fe7f2-9244-4a94-b1e3-84c83a4c7fea]: Assigning socketPath: /var/folders/97/m51_hqld6nl052bbj94wk9_00000gn/T/fire_emu_35711.sock
[debug] [2021-11-13T18:24:43.632Z] DEBUG: [worker-us-central1-geocode-0e8fe7f2-9244-4a94-b1e3-84c83a4c7fea]: BUSY
[debug] [2021-11-13T18:24:43.633Z] DEBUG: [runtime-status] [35711] Trigger "us-central1-geocode" has been found, beginning invocation!
[debug] [2021-11-13T18:24:43.633Z] [functions] Beginning execution of "us-central1-geocode"
[debug] [2021-11-13T18:24:43.633Z] DEBUG: [runtime-status] [35711] triggerDefinition {"httpsTrigger":{},"name":"geocode","entryPoint":"geocode","regions":["us-central1"],"region":"us-central1","id":"us-central1-geocode"}
[debug] [2021-11-13T18:24:43.633Z] DEBUG: [runtime-status] [35711] Running us-central1-geocode in signature http
[debug] [2021-11-13T18:24:43.635Z] DEBUG: [runtime-status] [35711] Attempting to listen to socketPath: /var/folders/97/m51_hqld6nl052bbj94wk9_00000gn/T/fire_emu_35711.sock
[debug] [2021-11-13T18:24:43.635Z] DEBUG: [functions] Runtime ready! Sending request!
[debug] [2021-11-13T18:24:43.635Z] DEBUG: [functions] Got req.url=/notam-rn/us-central1/geocode?city=san%20francisco&mock=true, mapping to path=/?city=san%20francisco&mock=true
[debug] [2021-11-13T18:24:43.636Z] DEBUG: [runtime-status] [35711] Ephemeral server handling GET request
[debug] [2021-11-13T18:24:43.637Z] DEBUG: [runtime-status] [35711] Ephemeral server survived.
[debug] [2021-11-13T18:24:43.637Z] [functions] Finished "us-central1-geocode" in ~1s
[debug] [2021-11-13T18:24:43.637Z] DEBUG: [worker-us-central1-geocode-0e8fe7f2-9244-4a94-b1e3-84c83a4c7fea]: IDLE
[debug] [2021-11-13T18:24:43.638Z] [work-queue] {"queueLength":0,"workRunningCount":0}
[debug] [2021-11-13T18:24:43.655Z] [work-queue] {"queueLength":1,"workRunningCount":0}
[debug] [2021-11-13T18:24:43.655Z] [work-queue] {"queueLength":0,"workRunningCount":1}
[debug] [2021-11-13T18:24:43.655Z] Accepted request GET /notam-rn/us-central1/placesNearby?location=37.7749295,-122.4194155&mock=true --> us-central1-placesNearby
[debug] [2021-11-13T18:24:43.655Z] DEBUG: [worker-pool] submitWork(triggerId=us-central1-placesNearby)
[debug] [2021-11-13T18:24:43.655Z] DEBUG: [worker-us-central1-placesNearby-1ff6e6d5-bd34-4a19-a13e-63e34588e03c]: Assigning socketPath: /var/folders/97/m51_hqld6nl052bbj94wk9_00000gn/T/fire_emu_35679.sock
[debug] [2021-11-13T18:24:43.656Z] DEBUG: [worker-us-central1-placesNearby-1ff6e6d5-bd34-4a19-a13e-63e34588e03c]: BUSY
[debug] [2021-11-13T18:24:43.656Z] DEBUG: [runtime-status] [35679] Trigger "us-central1-placesNearby" has been found, beginning invocation!
[debug] [2021-11-13T18:24:43.656Z] [functions] Beginning execution of "us-central1-placesNearby"
[debug] [2021-11-13T18:24:43.656Z] DEBUG: [runtime-status] [35679] triggerDefinition {"httpsTrigger":{},"name":"placesNearby","entryPoint":"placesNearby","regions":["us-central1"],"region":"us-central1","id":"us-central1-placesNearby"}
[debug] [2021-11-13T18:24:43.656Z] DEBUG: [runtime-status] [35679] Running us-central1-placesNearby in signature http
[debug] [2021-11-13T18:24:43.656Z] DEBUG: [runtime-status] [35679] Attempting to listen to socketPath: /var/folders/97/m51_hqld6nl052bbj94wk9_00000gn/T/fire_emu_35679.sock
[debug] [2021-11-13T18:24:43.657Z] DEBUG: [functions] Runtime ready! Sending request!
[debug] [2021-11-13T18:24:43.657Z] DEBUG: [functions] Got req.url=/notam-rn/us-central1/placesNearby?location=37.7749295,-122.4194155&mock=true, mapping to path=/?location=37.7749295,-122.4194155&mock=true
[debug] [2021-11-13T18:24:43.658Z] DEBUG: [runtime-status] [35679] Ephemeral server handling GET request
[debug] [2021-11-13T18:24:43.659Z] DEBUG: [runtime-status] [35679] Ephemeral server survived.
[debug] [2021-11-13T18:24:43.676Z] [functions] Finished "us-central1-placesNearby" in ~1s
[debug] [2021-11-13T18:24:43.677Z] DEBUG: [worker-us-central1-placesNearby-1ff6e6d5-bd34-4a19-a13e-63e34588e03c]: IDLE
[debug] [2021-11-13T18:24:43.677Z] [work-queue] {"queueLength":0,"workRunningCount":0}
[debug] [2021-11-13T18:25:03.394Z] [work-queue] {"queueLength":1,"workRunningCount":0}
[debug] [2021-11-13T18:25:03.394Z] [work-queue] {"queueLength":0,"workRunningCount":1}
[debug] [2021-11-13T18:25:03.394Z] Accepted request GET /notam-rn/us-central1/geocode?city=san%20francisco&mock=true --> us-central1-geocode
[debug] [2021-11-13T18:25:03.394Z] DEBUG: [worker-pool] submitWork(triggerId=us-central1-geocode)
[debug] [2021-11-13T18:25:03.394Z] DEBUG: [worker-us-central1-geocode-0e8fe7f2-9244-4a94-b1e3-84c83a4c7fea]: Assigning socketPath: /var/folders/97/m51_hqld6nl052bbj94wk9_00000gn/T/fire_emu_35711.sock
[debug] [2021-11-13T18:25:03.395Z] DEBUG: [worker-us-central1-geocode-0e8fe7f2-9244-4a94-b1e3-84c83a4c7fea]: BUSY
[debug] [2021-11-13T18:25:03.395Z] DEBUG: [runtime-status] [35711] Trigger "us-central1-geocode" has been found, beginning invocation!
[debug] [2021-11-13T18:25:03.395Z] [functions] Beginning execution of "us-central1-geocode"
[debug] [2021-11-13T18:25:03.395Z] DEBUG: [runtime-status] [35711] triggerDefinition {"httpsTrigger":{},"name":"geocode","entryPoint":"geocode","regions":["us-central1"],"region":"us-central1","id":"us-central1-geocode"}
[debug] [2021-11-13T18:25:03.395Z] DEBUG: [runtime-status] [35711] Running us-central1-geocode in signature http
[debug] [2021-11-13T18:25:03.396Z] DEBUG: [runtime-status] [35711] Attempting to listen to socketPath: /var/folders/97/m51_hqld6nl052bbj94wk9_00000gn/T/fire_emu_35711.sock
[debug] [2021-11-13T18:25:03.396Z] DEBUG: [functions] Runtime ready! Sending request!
[debug] [2021-11-13T18:25:03.396Z] DEBUG: [functions] Got req.url=/notam-rn/us-central1/geocode?city=san%20francisco&mock=true, mapping to path=/?city=san%20francisco&mock=true
[debug] [2021-11-13T18:25:03.397Z] DEBUG: [runtime-status] [35711] Ephemeral server handling GET request
[debug] [2021-11-13T18:25:03.398Z] DEBUG: [runtime-status] [35711] Ephemeral server survived.
[debug] [2021-11-13T18:25:03.398Z] [functions] Finished "us-central1-geocode" in ~1s
[debug] [2021-11-13T18:25:03.398Z] DEBUG: [worker-us-central1-geocode-0e8fe7f2-9244-4a94-b1e3-84c83a4c7fea]: IDLE
[debug] [2021-11-13T18:25:03.398Z] [work-queue] {"queueLength":0,"workRunningCount":0}
[debug] [2021-11-13T18:25:03.417Z] [work-queue] {"queueLength":1,"workRunningCount":0}
[debug] [2021-11-13T18:25:03.417Z] [work-queue] {"queueLength":0,"workRunningCount":1}
[debug] [2021-11-13T18:25:03.417Z] Accepted request GET /notam-rn/us-central1/placesNearby?location=37.7749295,-122.4194155&mock=true --> us-central1-placesNearby
[debug] [2021-11-13T18:25:03.417Z] DEBUG: [worker-pool] submitWork(triggerId=us-central1-placesNearby)
[debug] [2021-11-13T18:25:03.417Z] DEBUG: [worker-us-central1-placesNearby-1ff6e6d5-bd34-4a19-a13e-63e34588e03c]: Assigning socketPath: /var/folders/97/m51_hqld6nl052bbj94wk9_00000gn/T/fire_emu_35679.sock
[debug] [2021-11-13T18:25:03.417Z] DEBUG: [worker-us-central1-placesNearby-1ff6e6d5-bd34-4a19-a13e-63e34588e03c]: BUSY
[debug] [2021-11-13T18:25:03.418Z] DEBUG: [runtime-status] [35679] Trigger "us-central1-placesNearby" has been found, beginning invocation!
[debug] [2021-11-13T18:25:03.418Z] [functions] Beginning execution of "us-central1-placesNearby"
[debug] [2021-11-13T18:25:03.418Z] DEBUG: [runtime-status] [35679] triggerDefinition {"httpsTrigger":{},"name":"placesNearby","entryPoint":"placesNearby","regions":["us-central1"],"region":"us-central1","id":"us-central1-placesNearby"}
[debug] [2021-11-13T18:25:03.418Z] DEBUG: [runtime-status] [35679] Running us-central1-placesNearby in signature http
[debug] [2021-11-13T18:25:03.418Z] DEBUG: [runtime-status] [35679] Attempting to listen to socketPath: /var/folders/97/m51_hqld6nl052bbj94wk9_00000gn/T/fire_emu_35679.sock
[debug] [2021-11-13T18:25:03.418Z] DEBUG: [functions] Runtime ready! Sending request!
[debug] [2021-11-13T18:25:03.419Z] DEBUG: [functions] Got req.url=/notam-rn/us-central1/placesNearby?location=37.7749295,-122.4194155&mock=true, mapping to path=/?location=37.7749295,-122.4194155&mock=true
[debug] [2021-11-13T18:25:03.419Z] DEBUG: [runtime-status] [35679] Ephemeral server handling GET request
[debug] [2021-11-13T18:25:03.420Z] DEBUG: [runtime-status] [35679] Ephemeral server survived.
[debug] [2021-11-13T18:25:03.420Z] [functions] Finished "us-central1-placesNearby" in ~1s
[debug] [2021-11-13T18:25:03.421Z] DEBUG: [worker-us-central1-placesNearby-1ff6e6d5-bd34-4a19-a13e-63e34588e03c]: IDLE
[debug] [2021-11-13T18:25:03.421Z] [work-queue] {"queueLength":0,"workRunningCount":0}
